<?xml version="1.0" encoding="UTF-8"?>
<testng-results ignored="0" total="1" passed="1" failed="0" skipped="0">
  <reporter-output>
  </reporter-output>
  <suite started-at="2023-12-30T23:38:06 GMT-06:00" name="Suite" finished-at="2023-12-30T23:38:22 GMT-06:00" duration-ms="16180">
    <groups>
    </groups>
    <test started-at="2023-12-30T23:38:06 GMT-06:00" name="Test" finished-at="2023-12-30T23:38:22 GMT-06:00" duration-ms="16180">
      <class name="com.Tests.UITest">
        <test-method signature="launchBrowser(java.lang.String,java.lang.String)[pri:0, instance:com.Tests.UITest@f78a47e]" started-at="2023-12-30T23:38:06 GMT-06:00" name="launchBrowser" finished-at="2023-12-30T23:38:22 GMT-06:00" duration-ms="16092" status="PASS">
          <params>
            <param index="0">
              <value>
                <![CDATA[firefox]]>
              </value>
            </param>
            <param index="1">
              <value>
                <![CDATA[https://www.facebook.com/]]>
              </value>
            </param>
          </params>
          <reporter-output>
          </reporter-output>
        </test-method> <!-- launchBrowser -->
      </class> <!-- com.Tests.UITest -->
    </test> <!-- Test -->
  </suite> <!-- Suite -->
</testng-results>
