<?xml version="1.0" encoding="UTF-8"?>
<testng-results ignored="0" total="1" passed="1" failed="0" skipped="0">
  <reporter-output>
  </reporter-output>
  <suite started-at="2023-12-30T16:45:00 GMT-06:00" name="Suite" finished-at="2023-12-30T16:45:13 GMT-06:00" duration-ms="13162">
    <groups>
    </groups>
    <test started-at="2023-12-30T16:45:00 GMT-06:00" name="Test" finished-at="2023-12-30T16:45:13 GMT-06:00" duration-ms="13162">
      <class name="com.Tests.googleDemo">
        <test-method signature="testA()[pri:0, instance:com.Tests.googleDemo@298a5e20]" started-at="2023-12-30T16:45:00 GMT-06:00" name="testA" finished-at="2023-12-30T16:45:13 GMT-06:00" duration-ms="13059" status="PASS">
          <reporter-output>
          </reporter-output>
        </test-method> <!-- testA -->
      </class> <!-- com.Tests.googleDemo -->
    </test> <!-- Test -->
  </suite> <!-- Suite -->
</testng-results>
